[14Aug2025 02:45:10.880] [main/INFO] [cpw.mods.modlauncher.Launcher/MODLAUNCHER]: ModLauncher running: args [--launchTarget, neoforgeserver, --fml.neoForgeVersion, 21.5.87, --fml.fmlVersion, 7.0.13, --fml.mcVersion, 1.21.5, --fml.neoFormVersion, 20250325.162830, nogui]
[14Aug2025 02:45:10.884] [main/INFO] [cpw.mods.modlauncher.Launcher/MODLAUNCHER]: JVM identified as Ubuntu OpenJDK 64-Bit Server VM 21.0.8+9-Ubuntu-0ubuntu124.04.1
[14Aug2025 02:45:10.885] [main/INFO] [cpw.mods.modlauncher.Launcher/MODLAUNCHER]: ModLauncher 11.0.4+main.d2e20e43 starting: java version 21.0.8 by Ubuntu; OS Linux arch amd64 version 6.8.0-1030-azure
[14Aug2025 02:45:11.920] [main/INFO] [net.neoforged.fml.loading.ImmediateWindowHandler/]: ImmediateWindowProvider not loading because launch target is neoforgeserver
[14Aug2025 02:45:11.974] [main/INFO] [mixin/]: SpongePowered MIXIN Subsystem Version=0.8.7 Source=union:/workspaces/Nuevo/servidor_minecraft/libraries/net/fabricmc/sponge-mixin/0.15.2+mixin.0.8.7/sponge-mixin-0.15.2+mixin.0.8.7.jar%2383!/ Service=ModLauncher Env=SERVER
[14Aug2025 02:45:12.841] [main/INFO] [net.neoforged.fml.loading.moddiscovery.ModDiscoverer/SCAN]: Found mod file "server-1.21.5-20250325.162830-srg.jar" [locator: production server provider +net.neoforged:neoforge:21.5.87:server]
[14Aug2025 02:45:12.914] [main/INFO] [net.neoforged.fml.loading.moddiscovery.ModDiscoverer/SCAN]: Found mod file "neoforge-21.5.87-universal.jar" [locator: PathBasedLocator[name=neoforge, paths=[libraries/net/neoforged/neoforge/21.5.87/neoforge-21.5.87-universal.jar]], reader: mod manifest]
[14Aug2025 02:45:12.935] [main/INFO] [net.neoforged.fml.loading.moddiscovery.ModDiscoverer/SCAN]: Found mod file "BiomesOPlenty-neoforge-1.21.5-21.4.0.61.jar" [locator: {mods folder locator at /workspaces/Nuevo/servidor_minecraft/mods}, reader: mod manifest]
[14Aug2025 02:45:12.940] [main/INFO] [net.neoforged.fml.loading.moddiscovery.ModDiscoverer/SCAN]: Found mod file "camera-neoforge-1.21.5-1.1.7.jar" [locator: {mods folder locator at /workspaces/Nuevo/servidor_minecraft/mods}, reader: mod manifest]
[14Aug2025 02:45:12.943] [main/INFO] [net.neoforged.fml.loading.moddiscovery.ModDiscoverer/SCAN]: Found mod file "collective-1.21.5-8.3.jar" [locator: {mods folder locator at /workspaces/Nuevo/servidor_minecraft/mods}, reader: mod manifest]
[14Aug2025 02:45:12.948] [main/INFO] [net.neoforged.fml.loading.moddiscovery.ModDiscoverer/SCAN]: Found mod file "corpse-neoforge-1.21.5-1.1.10.jar" [locator: {mods folder locator at /workspaces/Nuevo/servidor_minecraft/mods}, reader: mod manifest]
[14Aug2025 02:45:12.951] [main/INFO] [net.neoforged.fml.loading.moddiscovery.ModDiscoverer/SCAN]: Found mod file "CreativeCore_NEOFORGE_v2.13.2_mc1.21.5.jar" [locator: {mods folder locator at /workspaces/Nuevo/servidor_minecraft/mods}, reader: mod manifest]
[14Aug2025 02:45:12.954] [main/INFO] [net.neoforged.fml.loading.moddiscovery.ModDiscoverer/SCAN]: Found mod file "entity_model_features_neoforge_1.21.5-2.4.4.jar" [locator: {mods folder locator at /workspaces/Nuevo/servidor_minecraft/mods}, reader: mod manifest]
[14Aug2025 02:45:12.957] [main/INFO] [net.neoforged.fml.loading.moddiscovery.ModDiscoverer/SCAN]: Found mod file "entity_texture_features_neoforge_1.21.5-6.2.13.jar" [locator: {mods folder locator at /workspaces/Nuevo/servidor_minecraft/mods}, reader: mod manifest]
[14Aug2025 02:45:12.960] [main/INFO] [net.neoforged.fml.loading.moddiscovery.ModDiscoverer/SCAN]: Found mod file "GlitchCore-neoforge-1.21.5-2.5.0.1.jar" [locator: {mods folder locator at /workspaces/Nuevo/servidor_minecraft/mods}, reader: mod manifest]
[14Aug2025 02:45:12.962] [main/INFO] [net.neoforged.fml.loading.moddiscovery.ModDiscoverer/SCAN]: Found mod file "infinitetrading-1.21.5-4.6.jar" [locator: {mods folder locator at /workspaces/Nuevo/servidor_minecraft/mods}, reader: mod manifest]
[14Aug2025 02:45:12.968] [main/INFO] [net.neoforged.fml.loading.moddiscovery.ModDiscoverer/SCAN]: Found mod file "iris-neoforge-1.8.11+mc1.21.5.jar" [locator: {mods folder locator at /workspaces/Nuevo/servidor_minecraft/mods}, reader: mod manifest]
[14Aug2025 02:45:12.978] [main/INFO] [net.neoforged.fml.loading.moddiscovery.ModDiscoverer/SCAN]: Found mod file "Jade-1.21.5-NeoForge-18.2.0.jar" [locator: {mods folder locator at /workspaces/Nuevo/servidor_minecraft/mods}, reader: mod manifest]
[14Aug2025 02:45:12.982] [main/INFO] [net.neoforged.fml.loading.moddiscovery.ModDiscoverer/SCAN]: Found mod file "jei-1.21.5-neoforge-21.4.0.27.jar" [locator: {mods folder locator at /workspaces/Nuevo/servidor_minecraft/mods}, reader: mod manifest]
[14Aug2025 02:45:12.987] [main/INFO] [net.neoforged.fml.loading.moddiscovery.ModDiscoverer/SCAN]: Found mod file "journeymap-neoforge-1.21.5-6.0.0-beta.52.jar" [locator: {mods folder locator at /workspaces/Nuevo/servidor_minecraft/mods}, reader: mod manifest]
[14Aug2025 02:45:12.996] [main/INFO] [net.neoforged.fml.loading.moddiscovery.ModDiscoverer/SCAN]: Found mod file "onlyhammers-1.21.5-0.7.jar" [locator: {mods folder locator at /workspaces/Nuevo/servidor_minecraft/mods}, reader: mod manifest]
[14Aug2025 02:45:12.998] [main/INFO] [net.neoforged.fml.loading.moddiscovery.ModDiscoverer/SCAN]: Found mod file "replantingcrops-1.21.5-5.5.jar" [locator: {mods folder locator at /workspaces/Nuevo/servidor_minecraft/mods}, reader: mod manifest]
[14Aug2025 02:45:13.001] [main/INFO] [net.neoforged.fml.loading.moddiscovery.ModDiscoverer/SCAN]: Found mod file "sodium-neoforge-0.6.13+mc1.21.5.jar" [locator: {mods folder locator at /workspaces/Nuevo/servidor_minecraft/mods}, reader: mod manifest]
[14Aug2025 02:45:13.003] [main/INFO] [net.neoforged.fml.loading.moddiscovery.ModDiscoverer/SCAN]: Found mod file "sophisticatedbackpacks-1.21.5-3.24.19.1294.jar" [locator: {mods folder locator at /workspaces/Nuevo/servidor_minecraft/mods}, reader: mod manifest]
[14Aug2025 02:45:13.007] [main/INFO] [net.neoforged.fml.loading.moddiscovery.ModDiscoverer/SCAN]: Found mod file "sophisticatedcore-1.21.5-1.3.59.1064.jar" [locator: {mods folder locator at /workspaces/Nuevo/servidor_minecraft/mods}, reader: mod manifest]
[14Aug2025 02:45:13.009] [main/INFO] [net.neoforged.fml.loading.moddiscovery.ModDiscoverer/SCAN]: Found mod file "TerraBlender-neoforge-1.21.5-5.0.0.1.jar" [locator: {mods folder locator at /workspaces/Nuevo/servidor_minecraft/mods}, reader: mod manifest]
[14Aug2025 02:45:13.012] [main/INFO] [net.neoforged.fml.loading.moddiscovery.ModDiscoverer/SCAN]: Found mod file "Terralith_1.21.x_v2.5.11.jar" [locator: {mods folder locator at /workspaces/Nuevo/servidor_minecraft/mods}, reader: mod manifest]
[14Aug2025 02:45:13.220] [main/INFO] [net.neoforged.fml.loading.moddiscovery.locators.JarInJarDependencyLocator/]: Found 14 dependencies adding them to mods collection
[14Aug2025 02:45:13.220] [main/INFO] [net.neoforged.fml.loading.moddiscovery.ModDiscoverer/SCAN]: Found gamelibrary file "mixinextras-neoforge-0.4.1.jar" [parent: neoforge-21.5.87-universal.jar, locator: jarinjar, reader: mod manifest]
[14Aug2025 02:45:13.220] [main/INFO] [net.neoforged.fml.loading.moddiscovery.ModDiscoverer/SCAN]: Found library file "httpmime-4.5.10.jar" [parent: entity_texture_features_neoforge_1.21.5-6.2.13.jar, locator: jarinjar]
[14Aug2025 02:45:13.220] [main/INFO] [net.neoforged.fml.loading.moddiscovery.ModDiscoverer/SCAN]: Found mod file "fabric-api-base-0.4.42+d1308ded19.jar" [parent: fabric-renderer-api-v1-6.0.0.jar, locator: jarinjar, reader: mod manifest]
[14Aug2025 02:45:13.221] [main/INFO] [net.neoforged.fml.loading.moddiscovery.ModDiscoverer/SCAN]: Found mod file "fabric-renderer-api-v1-6.0.0.jar" [parent: sodium-neoforge-0.6.13+mc1.21.5.jar, locator: jarinjar, reader: mod manifest]
[14Aug2025 02:45:13.221] [main/INFO] [net.neoforged.fml.loading.moddiscovery.ModDiscoverer/SCAN]: Found library file "net.neoforged.neoforge-coremods-21.5.87.jar" [parent: neoforge-21.5.87-universal.jar, locator: jarinjar, reader: mod manifest]
[14Aug2025 02:45:13.221] [main/INFO] [net.neoforged.fml.loading.moddiscovery.ModDiscoverer/SCAN]: Found library file "pngj-2.1.0.jar" [parent: journeymap-neoforge-1.21.5-6.0.0-beta.52.jar, locator: jarinjar]
[14Aug2025 02:45:13.221] [main/INFO] [net.neoforged.fml.loading.moddiscovery.ModDiscoverer/SCAN]: Found mod file "fabric-rendering-data-attachment-v1-0.3.48+73761d2e19.jar" [parent: sodium-neoforge-0.6.13+mc1.21.5.jar, locator: jarinjar, reader: mod manifest]
[14Aug2025 02:45:13.221] [main/INFO] [net.neoforged.fml.loading.moddiscovery.ModDiscoverer/SCAN]: Found mod file "common-networking-neoforge-1.0.18-1.21.5.jar" [parent: journeymap-neoforge-1.21.5-6.0.0-beta.52.jar, locator: jarinjar, reader: mod manifest]
[14Aug2025 02:45:13.222] [main/INFO] [net.neoforged.fml.loading.moddiscovery.ModDiscoverer/SCAN]: Found library file "antlr4-runtime-4.13.1.jar" [parent: iris-neoforge-1.8.11+mc1.21.5.jar, locator: jarinjar]
[14Aug2025 02:45:13.223] [main/INFO] [net.neoforged.fml.loading.moddiscovery.ModDiscoverer/SCAN]: Found library file "jcpp-1.4.14.jar" [parent: iris-neoforge-1.8.11+mc1.21.5.jar, locator: jarinjar]
[14Aug2025 02:45:13.223] [main/INFO] [net.neoforged.fml.loading.moddiscovery.ModDiscoverer/SCAN]: Found mod file "journeymap-api-neoforge-2.0.0-1.21.5-SNAPSHOT.jar" [parent: journeymap-neoforge-1.21.5-6.0.0-beta.52.jar, locator: jarinjar, reader: mod manifest]
[14Aug2025 02:45:13.224] [main/INFO] [net.neoforged.fml.loading.moddiscovery.ModDiscoverer/SCAN]: Found library file "net.caffeinemc.sodium-neoforge-0.6.13+mc1.21.5-service.jar" [parent: sodium-neoforge-0.6.13+mc1.21.5.jar, locator: jarinjar, reader: mod manifest]
[14Aug2025 02:45:13.224] [main/INFO] [net.neoforged.fml.loading.moddiscovery.ModDiscoverer/SCAN]: Found library file "glsl-transformer-2.0.1.jar" [parent: iris-neoforge-1.8.11+mc1.21.5.jar, locator: jarinjar]
[14Aug2025 02:45:13.224] [main/INFO] [net.neoforged.fml.loading.moddiscovery.ModDiscoverer/SCAN]: Found mod file "fabric-block-view-api-v2-1.0.10+9afaaf8c19.jar" [parent: sodium-neoforge-0.6.13+mc1.21.5.jar, locator: jarinjar, reader: mod manifest]
[14Aug2025 02:45:13.226] [main/INFO] [net.neoforged.fml.loading.moddiscovery.ModDiscoverer/]: 
     Mod List:
		Name Version (Mod Id)

		Biomes O' Plenty 21.4.0.61 (biomesoplenty)
		Camera Mod 1.21.5-1.1.7 (camera)
		Collective 8.3 (collective)
		Common Networking 1.0.18-1.21.5 (commonnetworking)
		Corpse 1.21.5-1.1.10 (corpse)
		CreativeCore 2.13.2 (creativecore)
		Entity Model Features 2.4.4 (entity_model_features)
		Entity Texture Features 6.2.13 (entity_texture_features)
		Fabric Renderer API (CaffeineMC) 6.0.0 (fabric_renderer_api_v1)
		Forgified Fabric API Base 0.4.42+d1308ded19 (fabric_api_base)
		Forgified Fabric BlockView API (v2) 1.0.10+9afaaf8c19 (fabric_block_view_api_v2)
		Forgified Fabric Rendering Data Attachment (v1) 0.3.48+73761d2e19 (fabric_rendering_data_attachment_v1)
		GlitchCore 2.5.0.1 (glitchcore)
		Infinite Trading 4.6 (infinitetrading)
		Iris 1.8.11+mc1.21.5 (iris)
		Jade 18.2.0+neoforge (jade)
		Journeymap 1.21.5-6.0.0-beta.52 (journeymap)
		JourneyMap API 2.0.0 (journeymap_api)
		Just Enough Items 21.4.0.27 (jei)
		Minecraft 1.21.5 (minecraft)
		NeoForge 21.5.87 (neoforge)
		OnlyHammers 1.21.5-0.7 (onlyhammers)
		Replanting Crops 5.5 (replantingcrops)
		Sodium 0.6.13+mc1.21.5 (sodium)
		Sophisticated Backpacks 3.24.19 (sophisticatedbackpacks)
		Sophisticated Core 1.3.59 (sophisticatedcore)
		TerraBlender 5.0.0.1 (terrablender)
		Terralith 2.5.11 (terralith)
[14Aug2025 02:45:13.298] [main/WARN] [net.neoforged.fml.loading.LanguageProviderLoader/]: Mod Mod File: /workspaces/Nuevo/servidor_minecraft/mods/Terralith_1.21.x_v2.5.11.jar is using the deprecated 'lowcodefml' language loader. This warning can be fixed by simply removing the modLoader and loaderVersion settings from neoforge.mods.toml.
[14Aug2025 02:45:14.297] [main/INFO] [mixin/]: Compatibility level set to JAVA_17
[14Aug2025 02:45:14.308] [main/INFO] [mixin/]: Compatibility level set to JAVA_21
[14Aug2025 02:45:14.422] [main/INFO] [cpw.mods.modlauncher.LaunchServiceHandler/MODLAUNCHER]: Launching target 'neoforgeserver' with arguments [nogui]
[14Aug2025 02:45:14.659] [main/WARN] [mixin/]: Reference map 'terrablender.refmap.json' for terrablender.mixins.json could not be read. If this is a development environment you can ignore this message
[14Aug2025 02:45:14.660] [main/WARN] [mixin/]: Reference map 'terrablender.refmap.json' for terrablender_neoforge.mixins.json could not be read. If this is a development environment you can ignore this message
[14Aug2025 02:45:14.662] [main/WARN] [mixin/]: Reference map 'onlyexcavators.refmap.json' for onlyhammers.mixins.json could not be read. If this is a development environment you can ignore this message
[14Aug2025 02:45:14.663] [main/WARN] [mixin/]: Reference map 'jade.refmap.json' for jade.mixins.json could not be read. If this is a development environment you can ignore this message
[14Aug2025 02:45:14.664] [main/WARN] [mixin/]: Reference map 'creativecore.mixins.refmap.json' for creativecore.mixins.json could not be read. If this is a development environment you can ignore this message
[14Aug2025 02:45:14.664] [main/WARN] [mixin/]: Reference map 'creativecore.mixins.refmap.json' for creativecore.forge.mixins.json could not be read. If this is a development environment you can ignore this message
[14Aug2025 02:45:14.672] [main/WARN] [mixin/]: Reference map 'journeymap-refmap.json' for journeymap.mixins.json could not be read. If this is a development environment you can ignore this message
[14Aug2025 02:45:14.702] [main/WARN] [mixin/]: Reference map 'iris.refmap.json' for mixins.iris.json could not be read. If this is a development environment you can ignore this message
[14Aug2025 02:45:14.704] [main/WARN] [mixin/]: Reference map 'iris.refmap.json' for mixins.iris.fantastic.json could not be read. If this is a development environment you can ignore this message
[14Aug2025 02:45:14.704] [main/WARN] [mixin/]: Reference map 'iris.refmap.json' for mixins.iris.vertexformat.json could not be read. If this is a development environment you can ignore this message
[14Aug2025 02:45:14.705] [main/WARN] [mixin/]: Reference map 'iris.refmap.json' for iris-batched-entity-rendering.mixins.json could not be read. If this is a development environment you can ignore this message
[14Aug2025 02:45:14.706] [main/WARN] [mixin/]: Reference map 'iris.refmap.json' for mixins.iris.compat.sodium.json could not be read. If this is a development environment you can ignore this message
[14Aug2025 02:45:14.709] [main/WARN] [mixin/]: Reference map 'glitchcore.refmap.json' for glitchcore.mixins.json could not be read. If this is a development environment you can ignore this message
[14Aug2025 02:45:14.713] [main/WARN] [mixin/]: Reference map 'glitchcore.refmap.json' for glitchcore.neoforge.mixins.json could not be read. If this is a development environment you can ignore this message
[14Aug2025 02:45:14.713] [main/WARN] [mixin/]: Reference map 'biomesoplenty.refmap.json' for biomesoplenty.mixins.json could not be read. If this is a development environment you can ignore this message
[14Aug2025 02:45:14.714] [main/WARN] [mixin/]: Reference map 'biomesoplenty.refmap.json' for biomesoplenty.neoforge.mixins.json could not be read. If this is a development environment you can ignore this message
[14Aug2025 02:45:14.732] [main/INFO] [Sodium/]: Loaded configuration file for Sodium: 43 options available, 1 override(s) found
[14Aug2025 02:45:14.737] [main/WARN] [mixin/]: Reference map 'camera.refmap.json' for camera.mixins.json could not be read. If this is a development environment you can ignore this message
[14Aug2025 02:45:14.947] [main/ERROR] [net.neoforged.fml.common.asm.RuntimeDistCleaner/DISTXFORM]: Attempted to load class net/minecraft/client/renderer/LevelRenderer for invalid dist DEDICATED_SERVER
[14Aug2025 02:45:14.949] [main/WARN] [mixin/]: Error loading class: net/minecraft/client/renderer/LevelRenderer (java.lang.RuntimeException: Attempted to load class net/minecraft/client/renderer/LevelRenderer for invalid dist DEDICATED_SERVER)
[14Aug2025 02:45:14.950] [main/WARN] [mixin/]: @Mixin target net.minecraft.client.renderer.LevelRenderer was not found onlyhammers.mixins.json:LevelRendererMixin from mod onlyhammers
[14Aug2025 02:45:15.211] [main/WARN] [mixin/]: Error loading class: net/minecraft/client/renderer/entity/SalmonRenderer (java.lang.ClassNotFoundException: net.minecraft.client.renderer.entity.SalmonRenderer)
[14Aug2025 02:45:15.211] [main/WARN] [mixin/]: @Mixin target net.minecraft.client.renderer.entity.SalmonRenderer was not found journeymap.mixins.json:client.SalmonRendererInvoker from mod journeymap
[14Aug2025 02:45:16.140] [main/WARN] [net.minecraft.SystemReport/]: Failed retrieving info for group hardware
java.lang.NoClassDefFoundError: com/sun/jna/Platform
	at MC-BOOTSTRAP/com.github.oshi@6.6.5/oshi.SystemInfo.<clinit>(SystemInfo.java:40) ~[oshi-core-6.6.5.jar%23110!/:6.6.5]
	at TRANSFORMER/minecraft@1.21.5/net.minecraft.SystemReport.lambda$new$2(SystemReport.java:56) ~[server-1.21.5-20250325.162830-srg.jar%23157!/:?]
	at TRANSFORMER/minecraft@1.21.5/net.minecraft.SystemReport.ignoreErrors(SystemReport.java:87) ~[server-1.21.5-20250325.162830-srg.jar%23157!/:?]
	at TRANSFORMER/minecraft@1.21.5/net.minecraft.SystemReport.<init>(SystemReport.java:56) ~[server-1.21.5-20250325.162830-srg.jar%23157!/:?]
	at TRANSFORMER/minecraft@1.21.5/net.minecraft.CrashReport.<init>(CrashReport.java:32) ~[server-1.21.5-20250325.162830-srg.jar%23157!/:?]
	at TRANSFORMER/minecraft@1.21.5/net.minecraft.CrashReport.preload(CrashReport.java:206) ~[server-1.21.5-20250325.162830-srg.jar%23157!/:?]
	at TRANSFORMER/minecraft@1.21.5/net.minecraft.server.Main.main(Main.java:110) ~[server-1.21.5-20250325.162830-srg.jar%23157!/:?]
	at java.base/jdk.internal.reflect.DirectMethodHandleAccessor.invoke(DirectMethodHandleAccessor.java:103) ~[?:?]
	at java.base/java.lang.reflect.Method.invoke(Method.java:580) ~[?:?]
	at MC-BOOTSTRAP/fml_loader@7.0.13/net.neoforged.fml.loading.targets.CommonLaunchHandler.runTarget(CommonLaunchHandler.java:128) ~[loader-7.0.13.jar%2369!/:7.0]
	at MC-BOOTSTRAP/fml_loader@7.0.13/net.neoforged.fml.loading.targets.CommonLaunchHandler.serverService(CommonLaunchHandler.java:124) ~[loader-7.0.13.jar%2369!/:7.0]
	at MC-BOOTSTRAP/fml_loader@7.0.13/net.neoforged.fml.loading.targets.NeoForgeServerLaunchHandler.runService(NeoForgeServerLaunchHandler.java:39) ~[loader-7.0.13.jar%2369!/:7.0]
	at MC-BOOTSTRAP/fml_loader@7.0.13/net.neoforged.fml.loading.targets.CommonLaunchHandler.lambda$launchService$4(CommonLaunchHandler.java:114) ~[loader-7.0.13.jar%2369!/:7.0]
	at MC-BOOTSTRAP/cpw.mods.modlauncher@11.0.4/cpw.mods.modlauncher.LaunchServiceHandlerDecorator.launch(LaunchServiceHandlerDecorator.java:30) [modlauncher-11.0.4.jar%2374!/:?]
	at MC-BOOTSTRAP/cpw.mods.modlauncher@11.0.4/cpw.mods.modlauncher.LaunchServiceHandler.launch(LaunchServiceHandler.java:53) [modlauncher-11.0.4.jar%2374!/:?]
	at MC-BOOTSTRAP/cpw.mods.modlauncher@11.0.4/cpw.mods.modlauncher.LaunchServiceHandler.launch(LaunchServiceHandler.java:71) [modlauncher-11.0.4.jar%2374!/:?]
	at MC-BOOTSTRAP/cpw.mods.modlauncher@11.0.4/cpw.mods.modlauncher.Launcher.run(Launcher.java:103) [modlauncher-11.0.4.jar%2374!/:?]
	at MC-BOOTSTRAP/cpw.mods.modlauncher@11.0.4/cpw.mods.modlauncher.Launcher.main(Launcher.java:74) [modlauncher-11.0.4.jar%2374!/:?]
	at MC-BOOTSTRAP/cpw.mods.modlauncher@11.0.4/cpw.mods.modlauncher.BootstrapLaunchConsumer.accept(BootstrapLaunchConsumer.java:26) [modlauncher-11.0.4.jar%2374!/:?]
	at MC-BOOTSTRAP/cpw.mods.modlauncher@11.0.4/cpw.mods.modlauncher.BootstrapLaunchConsumer.accept(BootstrapLaunchConsumer.java:23) [modlauncher-11.0.4.jar%2374!/:?]
	at cpw.mods.bootstraplauncher@2.0.2/cpw.mods.bootstraplauncher.BootstrapLauncher.run(BootstrapLauncher.java:210) [bootstraplauncher-2.0.2.jar:?]
	at cpw.mods.bootstraplauncher@2.0.2/cpw.mods.bootstraplauncher.BootstrapLauncher.main(BootstrapLauncher.java:69) [bootstraplauncher-2.0.2.jar:?]
	at java.base/jdk.internal.reflect.DirectMethodHandleAccessor.invoke(DirectMethodHandleAccessor.java:103) ~[?:?]
	at java.base/java.lang.reflect.Method.invoke(Method.java:580) ~[?:?]
	at net.neoforged.serverstarterjar.Main.mainLaunch(Main.java:297) [neoforge.jar:0.1.34]
	at net.neoforged.serverstarterjar.Main.main(Main.java:76) [neoforge.jar:0.1.34]
	at java.base/jdk.internal.reflect.DirectMethodHandleAccessor.invoke(DirectMethodHandleAccessor.java:103) ~[?:?]
	at java.base/java.lang.reflect.Method.invoke(Method.java:580) ~[?:?]
	at net.neoforged.serverstarterjar.Main8.main(Main8.java:19) [neoforge.jar:0.1.34]
Caused by: java.lang.ClassNotFoundException: com.sun.jna.Platform
	at java.base/jdk.internal.loader.BuiltinClassLoader.loadClass(BuiltinClassLoader.java:641) ~[?:?]
	at java.base/java.lang.ClassLoader.loadClass(ClassLoader.java:526) ~[?:?]
	at cpw.mods.securejarhandler/cpw.mods.cl.ModuleClassLoader.loadClass(ModuleClassLoader.java:216) ~[securejarhandler-3.0.8.jar:?]
	at java.base/java.lang.ClassLoader.loadClass(ClassLoader.java:526) ~[?:?]
	... 29 more
[14Aug2025 02:45:16.275] [main/INFO] [MixinExtras|Service/]: Initializing MixinExtras via com.llamalad7.mixinextras.service.MixinExtrasServiceImpl(version=0.4.1).
[14Aug2025 02:45:21.922] [main/WARN] [mixin/]: Injection warning: LVT in net/minecraft/world/level/BaseSpawner::serverTick(Lnet/minecraft/server/level/ServerLevel;Lnet/minecraft/core/BlockPos;)V has incompatible changes at opcode 65 in callback collective_neoforge.mixins.json:BaseSpawnerMixin from mod collective->@Inject::BaseSpawner_serverTick(Lnet/minecraft/server/level/ServerLevel;Lnet/minecraft/core/BlockPos;Lorg/spongepowered/asm/mixin/injection/callback/CallbackInfo;ZLnet/minecraft/util/RandomSource;Lnet/minecraft/world/level/SpawnData;ILnet/minecraft/nbt/CompoundTag;Ljava/util/Optional;Lnet/minecraft/world/phys/Vec3;Lnet/minecraft/core/BlockPos;Lnet/minecraft/world/entity/Entity;ILnet/minecraft/world/entity/Mob;)V.
 Expected: [Z, Lnet/minecraft/util/RandomSource;, Lnet/minecraft/world/level/SpawnData;, I, Lnet/minecraft/nbt/CompoundTag;, Ljava/util/Optional;, Lnet/minecraft/world/phys/Vec3;, Lnet/minecraft/core/BlockPos;, Lnet/minecraft/world/entity/Entity;, I, Lnet/minecraft/world/entity/Mob;]
    Found: [Z, Lnet/minecraft/util/RandomSource;, Lnet/minecraft/world/level/SpawnData;, I]
Available: [Z, Lnet/minecraft/util/RandomSource;, Lnet/minecraft/world/level/SpawnData;, I]
[14Aug2025 02:45:23.870] [modloading-worker-0/INFO] [Collective/]: Loading Collective version 8.3.
[14Aug2025 02:45:23.957] [modloading-worker-0/INFO] [net.neoforged.neoforge.common.NeoForgeMod/NEOFORGE-MOD]: NeoForge mod loading, version 21.5.87, for MC 1.21.5
[14Aug2025 02:45:25.203] [modloading-sync-worker/INFO] [terrablender/]: Registered region minecraft:overworld to index 0 for type OVERWORLD
[14Aug2025 02:45:25.203] [modloading-sync-worker/INFO] [terrablender/]: Registered region minecraft:nether to index 0 for type NETHER
[14Aug2025 02:45:25.203] [modloading-sync-worker/INFO] [terrablender/]: Registered region biomesoplenty:overworld_primary to index 1 for type OVERWORLD
[14Aug2025 02:45:25.203] [modloading-sync-worker/INFO] [terrablender/]: Registered region biomesoplenty:overworld_secondary to index 2 for type OVERWORLD
[14Aug2025 02:45:25.203] [modloading-sync-worker/INFO] [terrablender/]: Registered region biomesoplenty:overworld_rare to index 3 for type OVERWORLD
[14Aug2025 02:45:25.203] [modloading-sync-worker/INFO] [terrablender/]: Registered region biomesoplenty:nether_common to index 1 for type NETHER
[14Aug2025 02:45:25.204] [modloading-sync-worker/INFO] [terrablender/]: Registered region biomesoplenty:nether_rare to index 2 for type NETHER
[14Aug2025 02:45:25.292] [modloading-sync-worker/INFO] [snownee.jade.Jade/]: Start loading plugin from Jade: snownee.jade.addon.vanilla.VanillaPlugin
[14Aug2025 02:45:25.305] [modloading-sync-worker/INFO] [snownee.jade.Jade/]: Start loading plugin from Jade: snownee.jade.addon.universal.UniversalPlugin
[14Aug2025 02:45:25.316] [modloading-sync-worker/INFO] [snownee.jade.Jade/]: Start loading plugin from Jade: snownee.jade.addon.debug.DebugPlugin
[14Aug2025 02:45:25.317] [modloading-sync-worker/INFO] [snownee.jade.Jade/]: Start loading plugin from Jade: snownee.jade.addon.core.CorePlugin
[14Aug2025 02:45:25.317] [modloading-sync-worker/INFO] [snownee.jade.Jade/]: Start loading plugin from Jade: snownee.jade.addon.access.AccessibilityPlugin
[14Aug2025 02:45:25.318] [modloading-sync-worker/INFO] [snownee.jade.Jade/]: Start loading plugin from Camera Mod: de.maxhenkel.camera.integration.waila.PluginCamera
[14Aug2025 02:45:25.318] [modloading-sync-worker/INFO] [snownee.jade.Jade/]: Start loading plugin from Corpse: de.maxhenkel.corpse.integration.waila.PluginCorpse
[14Aug2025 02:45:25.693] [main/INFO] [com.mojang.authlib.yggdrasil.YggdrasilAuthenticationService/]: Environment: Environment[sessionHost=https://sessionserver.mojang.com, servicesHost=https://api.minecraftservices.com, name=PROD]
[14Aug2025 02:45:25.918] [main/WARN] [net.minecraft.server.packs.VanillaPackResourcesBuilder/]: Assets URL 'union:/workspaces/Nuevo/servidor_minecraft/libraries/net/minecraft/server/1.21.5-20250325.162830/server-1.21.5-20250325.162830-srg.jar%23157!/assets/.mcassetsroot' uses unexpected schema
[14Aug2025 02:45:25.919] [main/WARN] [net.minecraft.server.packs.VanillaPackResourcesBuilder/]: Assets URL 'union:/workspaces/Nuevo/servidor_minecraft/libraries/net/minecraft/server/1.21.5-20250325.162830/server-1.21.5-20250325.162830-srg.jar%23157!/data/.mcassetsroot' uses unexpected schema
[14Aug2025 02:45:25.920] [NeoForge Version Check/INFO] [net.neoforged.fml.VersionChecker/]: [camera] Starting version check at https://update.maxhenkel.de/neoforge/camera
[14Aug2025 02:45:26.621] [NeoForge Version Check/INFO] [net.neoforged.fml.VersionChecker/]: [camera] Found status: BETA Current: 1.21.5-1.1.7 Target: 1.21.5-1.1.7
[14Aug2025 02:45:26.621] [NeoForge Version Check/INFO] [net.neoforged.fml.VersionChecker/]: [journeymap] Starting version check at https://neoforge.curseupdate.com/32274/journeymap
[14Aug2025 02:45:26.764] [NeoForge Version Check/INFO] [net.neoforged.fml.VersionChecker/]: [journeymap] Found status: BETA Current: 1.21.5-6.0.0-beta.52 Target: 1.21.5-6.0.0-beta.52
[14Aug2025 02:45:26.764] [NeoForge Version Check/INFO] [net.neoforged.fml.VersionChecker/]: [corpse] Starting version check at https://update.maxhenkel.de/neoforge/corpse
[14Aug2025 02:45:26.867] [NeoForge Version Check/INFO] [net.neoforged.fml.VersionChecker/]: [corpse] Found status: BETA Current: 1.21.5-1.1.10 Target: 1.21.5-1.1.10
[14Aug2025 02:45:28.583] [main/INFO] [net.minecraft.world.item.crafting.RecipeManager/]: Loaded 1767 recipes
[14Aug2025 02:45:28.607] [main/INFO] [net.minecraft.advancements.AdvancementTree/]: Loaded 1869 advancements
[14Aug2025 02:45:28.611] [main/INFO] [net.neoforged.neoforge.common.crafting.RecipePriorityManager/]: Loaded 0 recipe priority overrides
[14Aug2025 02:45:28.615] [main/ERROR] [sophisticatedbackpacks/]: No loader defined for swords
[14Aug2025 02:45:28.917] [Server thread/INFO] [net.minecraft.server.dedicated.DedicatedServer/]: Starting minecraft server version 1.21.5
[14Aug2025 02:45:28.917] [Server thread/INFO] [net.minecraft.server.dedicated.DedicatedServer/]: Loading properties
[14Aug2025 02:45:28.918] [Server thread/INFO] [net.minecraft.server.dedicated.DedicatedServer/]: Default game type: SURVIVAL
[14Aug2025 02:45:28.918] [Server thread/INFO] [net.minecraft.server.MinecraftServer/]: Generating keypair
[14Aug2025 02:45:29.098] [Server thread/INFO] [net.minecraft.server.dedicated.DedicatedServer/]: Starting Minecraft server on *:25565
[14Aug2025 02:45:29.138] [Server thread/INFO] [net.minecraft.server.network.ServerConnectionListener/]: Using epoll channel type
[14Aug2025 02:45:29.168] [Server thread/WARN] [net.minecraft.server.dedicated.DedicatedServer/]: **** SERVER IS RUNNING IN OFFLINE/INSECURE MODE!
[14Aug2025 02:45:29.169] [Server thread/WARN] [net.minecraft.server.dedicated.DedicatedServer/]: The server will make no attempt to authenticate usernames. Beware.
[14Aug2025 02:45:29.169] [Server thread/WARN] [net.minecraft.server.dedicated.DedicatedServer/]: While this makes the game possible to play without internet access, it also opens up the ability for hackers to connect with any username they choose.
[14Aug2025 02:45:29.169] [Server thread/WARN] [net.minecraft.server.dedicated.DedicatedServer/]: To change this, set "online-mode" to "true" in the server.properties file.
[14Aug2025 02:45:29.188] [Server thread/INFO] [journeymap/]: Loading JourneyMap Forge Configs
[14Aug2025 02:45:29.221] [Server thread/WARN] [net.neoforged.neoforge.server.ServerLifecycleHooks/]: Detected minecraft:camel that was registered with CREATURE mob category but was added under AMBIENT mob category for terralith:desert_spires biome! Mobs should be added to biomes under the same mob category that the mob was registered as to prevent mob cap spawning issues.
[14Aug2025 02:45:29.234] [Server thread/WARN] [net.neoforged.neoforge.server.ServerLifecycleHooks/]: Detected minecraft:ocelot that was registered with CREATURE mob category but was added under MONSTER mob category for biomesoplenty:rainforest biome! Mobs should be added to biomes under the same mob category that the mob was registered as to prevent mob cap spawning issues.
[14Aug2025 02:45:29.235] [Server thread/WARN] [net.neoforged.neoforge.server.ServerLifecycleHooks/]: Detected minecraft:ocelot that was registered with CREATURE mob category but was added under MONSTER mob category for biomesoplenty:rocky_rainforest biome! Mobs should be added to biomes under the same mob category that the mob was registered as to prevent mob cap spawning issues.
[14Aug2025 02:45:29.258] [Server thread/INFO] [terrablender/]: Initialized TerraBlender biomes for level stem minecraft:the_nether
[14Aug2025 02:45:29.582] [Server thread/INFO] [terrablender/]: Initialized TerraBlender biomes for level stem minecraft:overworld
[14Aug2025 02:45:29.584] [Server thread/INFO] [net.minecraft.server.dedicated.DedicatedServer/]: Preparing level "world"
[14Aug2025 02:45:30.115] [Server thread/INFO] [net.minecraft.server.MinecraftServer/]: Preparing start region for dimension minecraft:overworld
[14Aug2025 02:45:35.892] [Worker-Main-3/INFO] [net.minecraft.server.level.progress.LoggerChunkProgressListener/]: Preparing spawn area: 0%
[14Aug2025 02:45:35.893] [Worker-Main-3/INFO] [net.minecraft.server.level.progress.LoggerChunkProgressListener/]: Preparing spawn area: 0%
[14Aug2025 02:45:35.894] [Worker-Main-3/INFO] [net.minecraft.server.level.progress.LoggerChunkProgressListener/]: Preparing spawn area: 0%
[14Aug2025 02:45:35.894] [Worker-Main-3/INFO] [net.minecraft.server.level.progress.LoggerChunkProgressListener/]: Preparing spawn area: 0%
[14Aug2025 02:45:35.894] [Worker-Main-3/INFO] [net.minecraft.server.level.progress.LoggerChunkProgressListener/]: Preparing spawn area: 0%
[14Aug2025 02:45:35.895] [Worker-Main-3/INFO] [net.minecraft.server.level.progress.LoggerChunkProgressListener/]: Preparing spawn area: 0%
[14Aug2025 02:45:35.895] [Worker-Main-3/INFO] [net.minecraft.server.level.progress.LoggerChunkProgressListener/]: Preparing spawn area: 0%
[14Aug2025 02:45:35.896] [Worker-Main-3/INFO] [net.minecraft.server.level.progress.LoggerChunkProgressListener/]: Preparing spawn area: 0%
[14Aug2025 02:45:35.896] [Worker-Main-3/INFO] [net.minecraft.server.level.progress.LoggerChunkProgressListener/]: Preparing spawn area: 0%
[14Aug2025 02:45:35.897] [Worker-Main-3/INFO] [net.minecraft.server.level.progress.LoggerChunkProgressListener/]: Preparing spawn area: 0%
[14Aug2025 02:45:35.897] [Worker-Main-3/INFO] [net.minecraft.server.level.progress.LoggerChunkProgressListener/]: Preparing spawn area: 0%
[14Aug2025 02:45:35.897] [Worker-Main-3/INFO] [net.minecraft.server.level.progress.LoggerChunkProgressListener/]: Preparing spawn area: 0%
[14Aug2025 02:45:36.239] [Worker-Main-1/INFO] [net.minecraft.server.level.progress.LoggerChunkProgressListener/]: Preparing spawn area: 51%
[14Aug2025 02:45:36.261] [Server thread/INFO] [net.minecraft.server.level.progress.LoggerChunkProgressListener/]: Time elapsed: 6145 ms
[14Aug2025 02:45:36.261] [Server thread/INFO] [net.minecraft.server.dedicated.DedicatedServer/]: Done (7.081s)! For help, type "help"
[14Aug2025 02:45:36.454] [Server thread/INFO] [net.neoforged.neoforge.server.permission.PermissionAPI/]: Successfully initialized permission handler neoforge:default_handler
[14Aug2025 02:45:36.457] [Server thread/INFO] [journeymap/]: Loaded null for service interface journeymap.api.services.WebMapService
[14Aug2025 02:45:36.458] [Server thread/INFO] [journeymap/]: Loaded journeymap.common.helpers.NeoForgeClientHooks@2953702c for service interface journeymap.api.services.ClientPlatformService
[14Aug2025 02:45:36.460] [Server thread/INFO] [journeymap/]: Loaded journeymap.common.helpers.NeoForgeHooks@337def6b for service interface journeymap.api.services.CommonPlatformService
[14Aug2025 02:46:36.466] [Server thread/INFO] [net.minecraft.server.MinecraftServer/]: Server empty for 60 seconds, pausing
[14Aug2025 02:50:55.521] [Server thread/INFO] [net.minecraft.server.players.PlayerList/]: leiven_222[/127.28.7.67:43393] logged in with entity id 9 at (522.6185239626319, 73.0, 429.49529561144004)
[14Aug2025 02:50:55.549] [Server thread/INFO] [net.minecraft.server.MinecraftServer/]: leiven_222 joined the game
[14Aug2025 02:50:56.015] [Server thread/ERROR] [net.minecraft.world.item.ItemStack/]: Tried to load invalid item: 'No key id in MapLike[{}]'
[14Aug2025 02:50:56.015] [Server thread/ERROR] [net.minecraft.world.item.ItemStack/]: Tried to load invalid item: 'No key id in MapLike[{}]'
[14Aug2025 02:50:56.016] [Server thread/ERROR] [net.minecraft.world.item.ItemStack/]: Tried to load invalid item: 'No key id in MapLike[{}]'
[14Aug2025 02:50:56.016] [Server thread/ERROR] [net.minecraft.world.item.ItemStack/]: Tried to load invalid item: 'No key id in MapLike[{}]'
[14Aug2025 02:50:56.016] [Server thread/ERROR] [net.minecraft.world.item.ItemStack/]: Tried to load invalid item: 'No key id in MapLike[{}]'
[14Aug2025 03:09:56.872] [Server thread/INFO] [net.minecraft.server.network.ServerGamePacketListenerImpl/]: leiven_222 lost connection: Timed out
[14Aug2025 03:09:56.873] [Server thread/INFO] [net.minecraft.server.MinecraftServer/]: leiven_222 left the game
[14Aug2025 03:09:56.921] [Server thread/WARN] [net.minecraft.network.Connection/]: handleDisconnection() called twice
[14Aug2025 03:10:56.866] [Server thread/INFO] [net.minecraft.server.MinecraftServer/]: Server empty for 60 seconds, pausing
[14Aug2025 03:11:11.074] [Server thread/INFO] [net.minecraft.server.players.PlayerList/]: leiven_222[/127.28.7.67:35561] logged in with entity id 3599 at (523.935733414185, 73.0, 429.1073456009809)
[14Aug2025 03:11:11.082] [Server thread/INFO] [net.minecraft.server.MinecraftServer/]: leiven_222 joined the game
[14Aug2025 03:11:11.217] [Server thread/ERROR] [net.minecraft.world.item.ItemStack/]: Tried to load invalid item: 'No key id in MapLike[{}]'
[14Aug2025 03:11:11.220] [Server thread/ERROR] [net.minecraft.world.item.ItemStack/]: Tried to load invalid item: 'No key id in MapLike[{}]'
[14Aug2025 03:11:11.221] [Server thread/ERROR] [net.minecraft.world.item.ItemStack/]: Tried to load invalid item: 'No key id in MapLike[{}]'
[14Aug2025 03:11:11.221] [Server thread/ERROR] [net.minecraft.world.item.ItemStack/]: Tried to load invalid item: 'No key id in MapLike[{}]'
[14Aug2025 03:11:11.222] [Server thread/ERROR] [net.minecraft.world.item.ItemStack/]: Tried to load invalid item: 'No key id in MapLike[{}]'
[14Aug2025 03:11:11.780] [Server thread/ERROR] [net.minecraft.world.item.ItemStack/]: Tried to load invalid item: 'No key id in MapLike[{}]'
